<?xml version="1.0" encoding="UTF-8"?>
<!-- Generated by org.testng.reporters.JUnitXMLReporter -->
<testsuite ignored="0" hostname="DESKTOP-6OUMR1L" failures="0" tests="6" name="Test" time="0.073" errors="0" timestamp="2021-10-30T13:37:55 IST">
  <testcase classname="qaclickaacademy.maven.AppiumTest" name="app" time="0.01"/>
  <testcase classname="qaclickaacademy.maven.AppiumTest" name="mobile" time="0.001"/>
  <testcase classname="qaclickaacademy.maven.SeleniumTest" name="browser" time="0.001"/>
  <testcase classname="qaclickaacademy.maven.SeleniumTest" name="system" time="0.001"/>
  <testcase classname="qaclickaacademy.maven.RESTAPITest" name="getdata" time="0.001"/>
  <testcase classname="qaclickaacademy.maven.RESTAPITest" name="putdata" time="0.0"/>
</testsuite> <!-- Test -->
