<?xml version="1.0" encoding="UTF-8"?>
<testsuite xmlns:xsi="http://www.w3.org/2001/XMLSchema-instance" xsi:noNamespaceSchemaLocation="https://maven.apache.org/surefire/maven-surefire-plugin/xsd/surefire-test-report-3.0.xsd" version="3.0" name="TestSuite" time="0.54" tests="6" errors="0" skipped="0" failures="0">
  <properties>
[...]
</properties>
  <testcase name="app" classname="qaclickaacademy.maven.AppiumTest" time="0.004">
    <system-out><![CDATA[default
]]></system-out>
  </testcase>
  <testcase name="mobile" classname="qaclickaacademy.maven.AppiumTest" time="0">
    <system-out><![CDATA[versions
]]></system-out>
  </testcase>
  <testcase name="browser" classname="qaclickaacademy.maven.SeleniumTest" time="0">
    <system-out><![CDATA[browser
]]></system-out>
  </testcase>
  <testcase name="system" classname="qaclickaacademy.maven.SeleniumTest" time="0">
    <system-out><![CDATA[system
]]></system-out>
  </testcase>
  <testcase name="getdata" classname="qaclickaacademy.maven.RESTAPITest" time="0">
    <system-out><![CDATA[data
]]></system-out>
  </testcase>
  <testcase name="putdata" classname="qaclickaacademy.maven.RESTAPITest" time="0.001">
    <system-out><![CDATA[data
]]></system-out>
  </testcase>
</testsuite>