<?xml version="1.0" encoding="UTF-8"?>
<testng-results ignored="0" total="6" passed="6" failed="0" skipped="0">
  <reporter-output>
  </reporter-output>
  <suite started-at="2021-11-02T12:00:47 IST" name="Suite" finished-at="2021-11-02T12:00:47 IST" duration-ms="41">
    <groups>
    </groups>
    <test started-at="2021-11-02T12:00:47 IST" name="Test" finished-at="2021-11-02T12:00:47 IST" duration-ms="41">
      <class name="qaclickaacademy.maven.AppiumTest">
        <test-method signature="app()[pri:0, instance:qaclickaacademy.maven.AppiumTest@7c1e2a9e]" started-at="2021-11-02T12:00:47 IST" name="app" finished-at="2021-11-02T12:00:47 IST" duration-ms="3" status="PASS">
          <reporter-output>
          </reporter-output>
        </test-method> <!-- app -->
        <test-method signature="mobile()[pri:0, instance:qaclickaacademy.maven.AppiumTest@7c1e2a9e]" started-at="2021-11-02T12:00:47 IST" name="mobile" finished-at="2021-11-02T12:00:47 IST" duration-ms="0" status="PASS">
          <reporter-output>
          </reporter-output>
        </test-method> <!-- mobile -->
      </class> <!-- qaclickaacademy.maven.AppiumTest -->
      <class name="qaclickaacademy.maven.RESTAPITest">
        <test-method signature="getdata()[pri:0, instance:qaclickaacademy.maven.RESTAPITest@28975c28]" started-at="2021-11-02T12:00:47 IST" name="getdata" finished-at="2021-11-02T12:00:47 IST" duration-ms="0" status="PASS">
          <reporter-output>
          </reporter-output>
        </test-method> <!-- getdata -->
        <test-method signature="putdata()[pri:0, instance:qaclickaacademy.maven.RESTAPITest@28975c28]" started-at="2021-11-02T12:00:47 IST" name="putdata" finished-at="2021-11-02T12:00:47 IST" duration-ms="0" status="PASS">
          <reporter-output>
          </reporter-output>
        </test-method> <!-- putdata -->
      </class> <!-- qaclickaacademy.maven.RESTAPITest -->
      <class name="qaclickaacademy.maven.SeleniumTest">
        <test-method signature="browser()[pri:0, instance:qaclickaacademy.maven.SeleniumTest@ba54932]" started-at="2021-11-02T12:00:47 IST" name="browser" finished-at="2021-11-02T12:00:47 IST" duration-ms="1" status="PASS">
          <reporter-output>
          </reporter-output>
        </test-method> <!-- browser -->
        <test-method signature="system()[pri:0, instance:qaclickaacademy.maven.SeleniumTest@ba54932]" started-at="2021-11-02T12:00:47 IST" name="system" finished-at="2021-11-02T12:00:47 IST" duration-ms="0" status="PASS">
          <reporter-output>
          </reporter-output>
        </test-method> <!-- system -->
      </class> <!-- qaclickaacademy.maven.SeleniumTest -->
    </test> <!-- Test -->
  </suite> <!-- Suite -->
</testng-results>
